<?xml version="1.0" encoding="UTF-8" ?>
<testsuite tests="3" failures="0" name="br.ce.woliver.tests.MovimentacaoTest" time="22.563" errors="0" skipped="0">
  <properties>
[...]
</properties>
  <testcase classname="br.ce.woliver.tests.MovimentacaoTest" name="inserir_movimentacao" time="9.943"/>
  <testcase classname="br.ce.woliver.tests.MovimentacaoTest" name="validar_campos_obrigatorios" time="5.575"/>
  <testcase classname="br.ce.woliver.tests.MovimentacaoTest" name="validar_movimentacao_futura" time="7.045"/>
</testsuite>